app/build/intermediates/manifest_merge_blame_file/debug/processDebugMainManifest/manifest-merger-blame-debug-report.txt
1<?xml version="1.0" encoding="utf-8"?>
2<manifest xmlns:android="http://schemas.android.com/apk/res/android"
3    package="com.bhanu.aegis.debug"
4    android:versionCode="1"
5    android:versionName="1.0.0-debug" >
6
7    <uses-sdk
8        android:minSdkVersion="31"
9        android:targetSdkVersion="35" />
10
11    <!-- Network for model downloads -->
12    <uses-permission android:name="android.permission.INTERNET" />
12-->src/main/AndroidManifest.xml:5:5-67
12-->src/main/AndroidManifest.xml:5:22-64
13    <!-- WorkManager foreground service for large model downloads -->
14    <uses-permission android:name="android.permission.FOREGROUND_SERVICE" />
14-->src/main/AndroidManifest.xml:7:5-77
14-->src/main/AndroidManifest.xml:7:22-74
15    <uses-permission android:name="android.permission.FOREGROUND_SERVICE_DATA_SYNC" />
15-->src/main/AndroidManifest.xml:8:5-87
15-->src/main/AndroidManifest.xml:8:22-84
16    <!-- Download progress notifications -->
17    <uses-permission android:name="android.permission.POST_NOTIFICATIONS" />
17-->src/main/AndroidManifest.xml:10:5-77
17-->src/main/AndroidManifest.xml:10:22-74
18    <!-- Audio recording for AudioChat task -->
19    <uses-permission android:name="android.permission.RECORD_AUDIO" />
19-->src/main/AndroidManifest.xml:12:5-71
19-->src/main/AndroidManifest.xml:12:22-68
20    <!-- Camera access for flashlight tool in AgentSkills -->
21    <uses-permission android:name="android.permission.CAMERA" />
21-->src/main/AndroidManifest.xml:14:5-65
21-->src/main/AndroidManifest.xml:14:22-62
22    <uses-permission android:name="android.permission.WAKE_LOCK" />
22-->[androidx.work:work-runtime:2.10.0] AndroidManifest.xml:23:5-68
22-->[androidx.work:work-runtime:2.10.0] AndroidManifest.xml:23:22-65
23    <uses-permission android:name="android.permission.ACCESS_NETWORK_STATE" />
23-->[androidx.work:work-runtime:2.10.0] AndroidManifest.xml:24:5-79
23-->[androidx.work:work-runtime:2.10.0] AndroidManifest.xml:24:22-76
24    <uses-permission android:name="android.permission.RECEIVE_BOOT_COMPLETED" />
24-->[androidx.work:work-runtime:2.10.0] AndroidManifest.xml:25:5-81
24-->[androidx.work:work-runtime:2.10.0] AndroidManifest.xml:25:22-78
25
26    <permission
26-->[androidx.core:core:1.16.0] AndroidManifest.xml:22:5-24:47
27        android:name="com.bhanu.aegis.debug.DYNAMIC_RECEIVER_NOT_EXPORTED_PERMISSION"
27-->[androidx.core:core:1.16.0] AndroidManifest.xml:23:9-81
28        android:protectionLevel="signature" />
28-->[androidx.core:core:1.16.0] AndroidManifest.xml:24:9-44
29
30    <uses-permission android:name="com.bhanu.aegis.debug.DYNAMIC_RECEIVER_NOT_EXPORTED_PERMISSION" />
30-->[androidx.core:core:1.16.0] AndroidManifest.xml:26:5-97
30-->[androidx.core:core:1.16.0] AndroidManifest.xml:26:22-94
31
32    <application
32-->src/main/AndroidManifest.xml:16:5-62:19
33        android:name="com.bhanu.aegis.ChakuliApplication"
33-->src/main/AndroidManifest.xml:17:9-43
34        android:allowBackup="false"
34-->src/main/AndroidManifest.xml:18:9-36
35        android:appComponentFactory="androidx.core.app.CoreComponentFactory"
35-->[androidx.core:core:1.16.0] AndroidManifest.xml:28:18-86
36        android:dataExtractionRules="@xml/data_extraction_rules"
36-->src/main/AndroidManifest.xml:19:9-65
37        android:debuggable="true"
38        android:extractNativeLibs="false"
39        android:fullBackupContent="@xml/backup_rules"
39-->src/main/AndroidManifest.xml:20:9-54
40        android:icon="@mipmap/ic_launcher"
40-->src/main/AndroidManifest.xml:21:9-43
41        android:label="@string/app_name"
41-->src/main/AndroidManifest.xml:22:9-41
42        android:largeHeap="true"
42-->src/main/AndroidManifest.xml:25:9-33
43        android:supportsRtl="true"
43-->src/main/AndroidManifest.xml:23:9-35
44        android:theme="@style/Theme.Chakuli" >
44-->src/main/AndroidManifest.xml:24:9-45
45
46        <!-- Required for LiteRT-LM GPU acceleration on Android -->
47        <uses-native-library
47-->src/main/AndroidManifest.xml:28:9-30:40
48            android:name="libvndksupport.so"
48-->src/main/AndroidManifest.xml:29:13-45
49            android:required="false" />
49-->src/main/AndroidManifest.xml:30:13-37
50        <uses-native-library
50-->src/main/AndroidManifest.xml:28:9-30:40
51            android:name="libOpenCL.so"
51-->src/main/AndroidManifest.xml:29:13-45
52            android:required="false" />
52-->src/main/AndroidManifest.xml:30:13-37
53
54        <activity
54-->src/main/AndroidManifest.xml:35:9-44:20
55            android:name="com.bhanu.aegis.MainActivity"
55-->src/main/AndroidManifest.xml:36:13-41
56            android:exported="true"
56-->src/main/AndroidManifest.xml:37:13-36
57            android:theme="@style/Theme.Chakuli.Splash"
57-->src/main/AndroidManifest.xml:38:13-56
58            android:windowSoftInputMode="adjustResize" >
58-->src/main/AndroidManifest.xml:39:13-55
59            <intent-filter>
59-->src/main/AndroidManifest.xml:40:13-43:29
60                <action android:name="android.intent.action.MAIN" />
60-->src/main/AndroidManifest.xml:41:17-69
60-->src/main/AndroidManifest.xml:41:25-66
61
62                <category android:name="android.intent.category.LAUNCHER" />
62-->src/main/AndroidManifest.xml:42:17-77
62-->src/main/AndroidManifest.xml:42:27-74
63            </intent-filter>
64        </activity>
65
66        <!-- WorkManager foreground service for model downloads -->
67        <service
67-->src/main/AndroidManifest.xml:47:9-49:56
68            android:name="androidx.work.impl.foreground.SystemForegroundService"
68-->src/main/AndroidManifest.xml:48:13-81
69            android:directBootAware="false"
69-->[androidx.work:work-runtime:2.10.0] AndroidManifest.xml:55:13-44
70            android:enabled="@bool/enable_system_foreground_service_default"
70-->[androidx.work:work-runtime:2.10.0] AndroidManifest.xml:56:13-77
71            android:exported="false"
71-->[androidx.work:work-runtime:2.10.0] AndroidManifest.xml:57:13-37
72            android:foregroundServiceType="dataSync" />
72-->src/main/AndroidManifest.xml:49:13-53
73
74        <!-- FileProvider for camera capture temp files -->
75        <provider
76            android:name="androidx.core.content.FileProvider"
76-->src/main/AndroidManifest.xml:53:13-62
77            android:authorities="com.bhanu.aegis.debug.fileprovider"
77-->src/main/AndroidManifest.xml:54:13-64
78            android:exported="false"
78-->src/main/AndroidManifest.xml:55:13-37
79            android:grantUriPermissions="true" >
79-->src/main/AndroidManifest.xml:56:13-47
80            <meta-data
80-->src/main/AndroidManifest.xml:57:13-59:54
81                android:name="android.support.FILE_PROVIDER_PATHS"
81-->src/main/AndroidManifest.xml:58:17-67
82                android:resource="@xml/file_paths" />
82-->src/main/AndroidManifest.xml:59:17-51
83        </provider>
84
85        <activity
85-->[androidx.compose.ui:ui-tooling-android:1.10.3] AndroidManifest.xml:23:9-25:39
86            android:name="androidx.compose.ui.tooling.PreviewActivity"
86-->[androidx.compose.ui:ui-tooling-android:1.10.3] AndroidManifest.xml:24:13-71
87            android:exported="true" />
87-->[androidx.compose.ui:ui-tooling-android:1.10.3] AndroidManifest.xml:25:13-36
88
89        <service
89-->[androidx.camera:camera-camera2:1.4.0] AndroidManifest.xml:24:9-33:19
90            android:name="androidx.camera.core.impl.MetadataHolderService"
90-->[androidx.camera:camera-camera2:1.4.0] AndroidManifest.xml:25:13-75
91            android:enabled="false"
91-->[androidx.camera:camera-camera2:1.4.0] AndroidManifest.xml:26:13-36
92            android:exported="false" >
92-->[androidx.camera:camera-camera2:1.4.0] AndroidManifest.xml:27:13-37
93            <meta-data
93-->[androidx.camera:camera-camera2:1.4.0] AndroidManifest.xml:30:13-32:89
94                android:name="androidx.camera.core.impl.MetadataHolderService.DEFAULT_CONFIG_PROVIDER"
94-->[androidx.camera:camera-camera2:1.4.0] AndroidManifest.xml:31:17-103
95                android:value="androidx.camera.camera2.Camera2Config$DefaultProvider" />
95-->[androidx.camera:camera-camera2:1.4.0] AndroidManifest.xml:32:17-86
96        </service>
97
98        <provider
98-->[androidx.work:work-runtime:2.10.0] AndroidManifest.xml:29:9-37:20
99            android:name="androidx.startup.InitializationProvider"
99-->[androidx.work:work-runtime:2.10.0] AndroidManifest.xml:30:13-67
100            android:authorities="com.bhanu.aegis.debug.androidx-startup"
100-->[androidx.work:work-runtime:2.10.0] AndroidManifest.xml:31:13-68
101            android:exported="false" >
101-->[androidx.work:work-runtime:2.10.0] AndroidManifest.xml:32:13-37
102            <meta-data
102-->[androidx.work:work-runtime:2.10.0] AndroidManifest.xml:34:13-36:52
103                android:name="androidx.work.WorkManagerInitializer"
103-->[androidx.work:work-runtime:2.10.0] AndroidManifest.xml:35:17-68
104                android:value="androidx.startup" />
104-->[androidx.work:work-runtime:2.10.0] AndroidManifest.xml:36:17-49
105            <meta-data
105-->[androidx.emoji2:emoji2:1.4.0] AndroidManifest.xml:29:13-31:52
106                android:name="androidx.emoji2.text.EmojiCompatInitializer"
106-->[androidx.emoji2:emoji2:1.4.0] AndroidManifest.xml:30:17-75
107                android:value="androidx.startup" />
107-->[androidx.emoji2:emoji2:1.4.0] AndroidManifest.xml:31:17-49
108            <meta-data
108-->[androidx.lifecycle:lifecycle-process:2.9.4] AndroidManifest.xml:29:13-31:52
109                android:name="androidx.lifecycle.ProcessLifecycleInitializer"
109-->[androidx.lifecycle:lifecycle-process:2.9.4] AndroidManifest.xml:30:17-78
110                android:value="androidx.startup" />
110-->[androidx.lifecycle:lifecycle-process:2.9.4] AndroidManifest.xml:31:17-49
111            <meta-data
111-->[androidx.profileinstaller:profileinstaller:1.4.0] AndroidManifest.xml:29:13-31:52
112                android:name="androidx.profileinstaller.ProfileInstallerInitializer"
112-->[androidx.profileinstaller:profileinstaller:1.4.0] AndroidManifest.xml:30:17-85
113                android:value="androidx.startup" />
113-->[androidx.profileinstaller:profileinstaller:1.4.0] AndroidManifest.xml:31:17-49
114        </provider>
115
116        <service
116-->[androidx.work:work-runtime:2.10.0] AndroidManifest.xml:39:9-45:35
117            android:name="androidx.work.impl.background.systemalarm.SystemAlarmService"
117-->[androidx.work:work-runtime:2.10.0] AndroidManifest.xml:40:13-88
118            android:directBootAware="false"
118-->[androidx.work:work-runtime:2.10.0] AndroidManifest.xml:41:13-44
119            android:enabled="@bool/enable_system_alarm_service_default"
119-->[androidx.work:work-runtime:2.10.0] AndroidManifest.xml:42:13-72
120            android:exported="false" />
120-->[androidx.work:work-runtime:2.10.0] AndroidManifest.xml:43:13-37
121        <service
121-->[androidx.work:work-runtime:2.10.0] AndroidManifest.xml:46:9-52:35
122            android:name="androidx.work.impl.background.systemjob.SystemJobService"
122-->[androidx.work:work-runtime:2.10.0] AndroidManifest.xml:47:13-84
123            android:directBootAware="false"
123-->[androidx.work:work-runtime:2.10.0] AndroidManifest.xml:48:13-44
124            android:enabled="@bool/enable_system_job_service_default"
124-->[androidx.work:work-runtime:2.10.0] AndroidManifest.xml:49:13-70
125            android:exported="true"
125-->[androidx.work:work-runtime:2.10.0] AndroidManifest.xml:50:13-36
126            android:permission="android.permission.BIND_JOB_SERVICE" />
126-->[androidx.work:work-runtime:2.10.0] AndroidManifest.xml:51:13-69
127
128        <receiver
128-->[androidx.work:work-runtime:2.10.0] AndroidManifest.xml:61:9-66:35
129            android:name="androidx.work.impl.utils.ForceStopRunnable$BroadcastReceiver"
129-->[androidx.work:work-runtime:2.10.0] AndroidManifest.xml:62:13-88
130            android:directBootAware="false"
130-->[androidx.work:work-runtime:2.10.0] AndroidManifest.xml:63:13-44
131            android:enabled="true"
131-->[androidx.work:work-runtime:2.10.0] AndroidManifest.xml:64:13-35
132            android:exported="false" />
132-->[androidx.work:work-runtime:2.10.0] AndroidManifest.xml:65:13-37
133        <receiver
133-->[androidx.work:work-runtime:2.10.0] AndroidManifest.xml:67:9-77:20
134            android:name="androidx.work.impl.background.systemalarm.ConstraintProxy$BatteryChargingProxy"
134-->[androidx.work:work-runtime:2.10.0] AndroidManifest.xml:68:13-106
135            android:directBootAware="false"
135-->[androidx.work:work-runtime:2.10.0] AndroidManifest.xml:69:13-44
136            android:enabled="false"
136-->[androidx.work:work-runtime:2.10.0] AndroidManifest.xml:70:13-36
137            android:exported="false" >
137-->[androidx.work:work-runtime:2.10.0] AndroidManifest.xml:71:13-37
138            <intent-filter>
138-->[androidx.work:work-runtime:2.10.0] AndroidManifest.xml:73:13-76:29
139                <action android:name="android.intent.action.ACTION_POWER_CONNECTED" />
139-->[androidx.work:work-runtime:2.10.0] AndroidManifest.xml:74:17-87
139-->[androidx.work:work-runtime:2.10.0] AndroidManifest.xml:74:25-84
140                <action android:name="android.intent.action.ACTION_POWER_DISCONNECTED" />
140-->[androidx.work:work-runtime:2.10.0] AndroidManifest.xml:75:17-90
140-->[androidx.work:work-runtime:2.10.0] AndroidManifest.xml:75:25-87
141            </intent-filter>
142        </receiver>
143        <receiver
143-->[androidx.work:work-runtime:2.10.0] AndroidManifest.xml:78:9-88:20
144            android:name="androidx.work.impl.background.systemalarm.ConstraintProxy$BatteryNotLowProxy"
144-->[androidx.work:work-runtime:2.10.0] AndroidManifest.xml:79:13-104
145            android:directBootAware="false"
145-->[androidx.work:work-runtime:2.10.0] AndroidManifest.xml:80:13-44
146            android:enabled="false"
146-->[androidx.work:work-runtime:2.10.0] AndroidManifest.xml:81:13-36
147            android:exported="false" >
147-->[androidx.work:work-runtime:2.10.0] AndroidManifest.xml:82:13-37
148            <intent-filter>
148-->[androidx.work:work-runtime:2.10.0] AndroidManifest.xml:84:13-87:29
149                <action android:name="android.intent.action.BATTERY_OKAY" />
149-->[androidx.work:work-runtime:2.10.0] AndroidManifest.xml:85:17-77
149-->[androidx.work:work-runtime:2.10.0] AndroidManifest.xml:85:25-74
150                <action android:name="android.intent.action.BATTERY_LOW" />
150-->[androidx.work:work-runtime:2.10.0] AndroidManifest.xml:86:17-76
150-->[androidx.work:work-runtime:2.10.0] AndroidManifest.xml:86:25-73
151            </intent-filter>
152        </receiver>
153        <receiver
153-->[androidx.work:work-runtime:2.10.0] AndroidManifest.xml:89:9-99:20
154            android:name="androidx.work.impl.background.systemalarm.ConstraintProxy$StorageNotLowProxy"
154-->[androidx.work:work-runtime:2.10.0] AndroidManifest.xml:90:13-104
155            android:directBootAware="false"
155-->[androidx.work:work-runtime:2.10.0] AndroidManifest.xml:91:13-44
156            android:enabled="false"
156-->[androidx.work:work-runtime:2.10.0] AndroidManifest.xml:92:13-36
157            android:exported="false" >
157-->[androidx.work:work-runtime:2.10.0] AndroidManifest.xml:93:13-37
158            <intent-filter>
158-->[androidx.work:work-runtime:2.10.0] AndroidManifest.xml:95:13-98:29
159                <action android:name="android.intent.action.DEVICE_STORAGE_LOW" />
159-->[androidx.work:work-runtime:2.10.0] AndroidManifest.xml:96:17-83
159-->[androidx.work:work-runtime:2.10.0] AndroidManifest.xml:96:25-80
160                <action android:name="android.intent.action.DEVICE_STORAGE_OK" />
160-->[androidx.work:work-runtime:2.10.0] AndroidManifest.xml:97:17-82
160-->[androidx.work:work-runtime:2.10.0] AndroidManifest.xml:97:25-79
161            </intent-filter>
162        </receiver>
163        <receiver
163-->[androidx.work:work-runtime:2.10.0] AndroidManifest.xml:100:9-109:20
164            android:name="androidx.work.impl.background.systemalarm.ConstraintProxy$NetworkStateProxy"
164-->[androidx.work:work-runtime:2.10.0] AndroidManifest.xml:101:13-103
165            android:directBootAware="false"
165-->[androidx.work:work-runtime:2.10.0] AndroidManifest.xml:102:13-44
166            android:enabled="false"
166-->[androidx.work:work-runtime:2.10.0] AndroidManifest.xml:103:13-36
167            android:exported="false" >
167-->[androidx.work:work-runtime:2.10.0] AndroidManifest.xml:104:13-37
168            <intent-filter>
168-->[androidx.work:work-runtime:2.10.0] AndroidManifest.xml:106:13-108:29
169                <action android:name="android.net.conn.CONNECTIVITY_CHANGE" />
169-->[androidx.work:work-runtime:2.10.0] AndroidManifest.xml:107:17-79
169-->[androidx.work:work-runtime:2.10.0] AndroidManifest.xml:107:25-76
170            </intent-filter>
171        </receiver>
172        <receiver
172-->[androidx.work:work-runtime:2.10.0] AndroidManifest.xml:110:9-121:20
173            android:name="androidx.work.impl.background.systemalarm.RescheduleReceiver"
173-->[androidx.work:work-runtime:2.10.0] AndroidManifest.xml:111:13-88
174            android:directBootAware="false"
174-->[androidx.work:work-runtime:2.10.0] AndroidManifest.xml:112:13-44
175            android:enabled="false"
175-->[androidx.work:work-runtime:2.10.0] AndroidManifest.xml:113:13-36
176            android:exported="false" >
176-->[androidx.work:work-runtime:2.10.0] AndroidManifest.xml:114:13-37
177            <intent-filter>
177-->[androidx.work:work-runtime:2.10.0] AndroidManifest.xml:116:13-120:29
178                <action android:name="android.intent.action.BOOT_COMPLETED" />
178-->[androidx.work:work-runtime:2.10.0] AndroidManifest.xml:117:17-79
178-->[androidx.work:work-runtime:2.10.0] AndroidManifest.xml:117:25-76
179                <action android:name="android.intent.action.TIME_SET" />
179-->[androidx.work:work-runtime:2.10.0] AndroidManifest.xml:118:17-73
179-->[androidx.work:work-runtime:2.10.0] AndroidManifest.xml:118:25-70
180                <action android:name="android.intent.action.TIMEZONE_CHANGED" />
180-->[androidx.work:work-runtime:2.10.0] AndroidManifest.xml:119:17-81
180-->[androidx.work:work-runtime:2.10.0] AndroidManifest.xml:119:25-78
181            </intent-filter>
182        </receiver>
183        <receiver
183-->[androidx.work:work-runtime:2.10.0] AndroidManifest.xml:122:9-131:20
184            android:name="androidx.work.impl.background.systemalarm.ConstraintProxyUpdateReceiver"
184-->[androidx.work:work-runtime:2.10.0] AndroidManifest.xml:123:13-99
185            android:directBootAware="false"
185-->[androidx.work:work-runtime:2.10.0] AndroidManifest.xml:124:13-44
186            android:enabled="@bool/enable_system_alarm_service_default"
186-->[androidx.work:work-runtime:2.10.0] AndroidManifest.xml:125:13-72
187            android:exported="false" >
187-->[androidx.work:work-runtime:2.10.0] AndroidManifest.xml:126:13-37
188            <intent-filter>
188-->[androidx.work:work-runtime:2.10.0] AndroidManifest.xml:128:13-130:29
189                <action android:name="androidx.work.impl.background.systemalarm.UpdateProxies" />
189-->[androidx.work:work-runtime:2.10.0] AndroidManifest.xml:129:17-98
189-->[androidx.work:work-runtime:2.10.0] AndroidManifest.xml:129:25-95
190            </intent-filter>
191        </receiver>
192        <receiver
192-->[androidx.work:work-runtime:2.10.0] AndroidManifest.xml:132:9-142:20
193            android:name="androidx.work.impl.diagnostics.DiagnosticsReceiver"
193-->[androidx.work:work-runtime:2.10.0] AndroidManifest.xml:133:13-78
194            android:directBootAware="false"
194-->[androidx.work:work-runtime:2.10.0] AndroidManifest.xml:134:13-44
195            android:enabled="true"
195-->[androidx.work:work-runtime:2.10.0] AndroidManifest.xml:135:13-35
196            android:exported="true"
196-->[androidx.work:work-runtime:2.10.0] AndroidManifest.xml:136:13-36
197            android:permission="android.permission.DUMP" >
197-->[androidx.work:work-runtime:2.10.0] AndroidManifest.xml:137:13-57
198            <intent-filter>
198-->[androidx.work:work-runtime:2.10.0] AndroidManifest.xml:139:13-141:29
199                <action android:name="androidx.work.diagnostics.REQUEST_DIAGNOSTICS" />
199-->[androidx.work:work-runtime:2.10.0] AndroidManifest.xml:140:17-88
199-->[androidx.work:work-runtime:2.10.0] AndroidManifest.xml:140:25-85
200            </intent-filter>
201        </receiver>
202
203        <uses-library
203-->[androidx.window:window:1.5.0] AndroidManifest.xml:23:9-25:40
204            android:name="androidx.window.extensions"
204-->[androidx.window:window:1.5.0] AndroidManifest.xml:24:13-54
205            android:required="false" />
205-->[androidx.window:window:1.5.0] AndroidManifest.xml:25:13-37
206        <uses-library
206-->[androidx.window:window:1.5.0] AndroidManifest.xml:26:9-28:40
207            android:name="androidx.window.sidecar"
207-->[androidx.window:window:1.5.0] AndroidManifest.xml:27:13-51
208            android:required="false" />
208-->[androidx.window:window:1.5.0] AndroidManifest.xml:28:13-37
209
210        <activity
210-->[androidx.compose.ui:ui-test-manifest:1.10.3] AndroidManifest.xml:23:9-26:79
211            android:name="androidx.activity.ComponentActivity"
211-->[androidx.compose.ui:ui-test-manifest:1.10.3] AndroidManifest.xml:24:13-63
212            android:exported="true"
212-->[androidx.compose.ui:ui-test-manifest:1.10.3] AndroidManifest.xml:25:13-36
213            android:theme="@android:style/Theme.Material.Light.NoActionBar" />
213-->[androidx.compose.ui:ui-test-manifest:1.10.3] AndroidManifest.xml:26:13-76
214
215        <service
215-->[androidx.room:room-runtime:2.6.1] AndroidManifest.xml:24:9-28:63
216            android:name="androidx.room.MultiInstanceInvalidationService"
216-->[androidx.room:room-runtime:2.6.1] AndroidManifest.xml:25:13-74
217            android:directBootAware="true"
217-->[androidx.room:room-runtime:2.6.1] AndroidManifest.xml:26:13-43
218            android:exported="false" />
218-->[androidx.room:room-runtime:2.6.1] AndroidManifest.xml:27:13-37
219
220        <receiver
220-->[androidx.profileinstaller:profileinstaller:1.4.0] AndroidManifest.xml:34:9-52:20
221            android:name="androidx.profileinstaller.ProfileInstallReceiver"
221-->[androidx.profileinstaller:profileinstaller:1.4.0] AndroidManifest.xml:35:13-76
222            android:directBootAware="false"
222-->[androidx.profileinstaller:profileinstaller:1.4.0] AndroidManifest.xml:36:13-44
223            android:enabled="true"
223-->[androidx.profileinstaller:profileinstaller:1.4.0] AndroidManifest.xml:37:13-35
224            android:exported="true"
224-->[androidx.profileinstaller:profileinstaller:1.4.0] AndroidManifest.xml:38:13-36
225            android:permission="android.permission.DUMP" >
225-->[androidx.profileinstaller:profileinstaller:1.4.0] AndroidManifest.xml:39:13-57
226            <intent-filter>
226-->[androidx.profileinstaller:profileinstaller:1.4.0] AndroidManifest.xml:40:13-42:29
227                <action android:name="androidx.profileinstaller.action.INSTALL_PROFILE" />
227-->[androidx.profileinstaller:profileinstaller:1.4.0] AndroidManifest.xml:41:17-91
227-->[androidx.profileinstaller:profileinstaller:1.4.0] AndroidManifest.xml:41:25-88
228            </intent-filter>
229            <intent-filter>
229-->[androidx.profileinstaller:profileinstaller:1.4.0] AndroidManifest.xml:43:13-45:29
230                <action android:name="androidx.profileinstaller.action.SKIP_FILE" />
230-->[androidx.profileinstaller:profileinstaller:1.4.0] AndroidManifest.xml:44:17-85
230-->[androidx.profileinstaller:profileinstaller:1.4.0] AndroidManifest.xml:44:25-82
231            </intent-filter>
232            <intent-filter>
232-->[androidx.profileinstaller:profileinstaller:1.4.0] AndroidManifest.xml:46:13-48:29
233                <action android:name="androidx.profileinstaller.action.SAVE_PROFILE" />
233-->[androidx.profileinstaller:profileinstaller:1.4.0] AndroidManifest.xml:47:17-88
233-->[androidx.profileinstaller:profileinstaller:1.4.0] AndroidManifest.xml:47:25-85
234            </intent-filter>
235            <intent-filter>
235-->[androidx.profileinstaller:profileinstaller:1.4.0] AndroidManifest.xml:49:13-51:29
236                <action android:name="androidx.profileinstaller.action.BENCHMARK_OPERATION" />
236-->[androidx.profileinstaller:profileinstaller:1.4.0] AndroidManifest.xml:50:17-95
236-->[androidx.profileinstaller:profileinstaller:1.4.0] AndroidManifest.xml:50:25-92
237            </intent-filter>
238        </receiver>
239    </application>
240
241</manifest>